<?xml version="1.0" encoding="UTF-8"?>
<testsuite name="Login" tests="1" skipped="0" failures="0" errors="0" timestamp="2022-12-13T19:27:57" hostname="TECH-SHUBHAM.local" time="6.262">
  <properties/>
  <testcase name="verifyGitHubTitle" classname="Login" time="6.262"/>
  <system-out><![CDATA[]]></system-out>
  <system-err><![CDATA[SLF4J: No SLF4J providers were found.
SLF4J: Defaulting to no-operation (NOP) logger implementation
SLF4J: See https://www.slf4j.org/codes.html#noProviders for further details.
Starting ChromeDriver 108.0.5359.71 (1e0e3868ee06e91ad636a874420e3ca3ae3756ac-refs/branch-heads/5359@{#1016}) on port 31046
Only local connections are allowed.
Please see https://chromedriver.chromium.org/security-considerations for suggestions on keeping ChromeDriver safe.
ChromeDriver was started successfully.
Dec 14, 2022 12:58:02 AM org.openqa.selenium.devtools.CdpVersionFinder findNearestMatch
WARNING: Unable to find an exact match for CDP version 108, so returning the closest version found: 107
]]></system-err>
</testsuite>
